TN:
SF:src\components\RequireAuth.tsx
FN:4,RequireAuth
FN:5,(anonymous_1)
FNF:2
FNH:1
FNDA:2,RequireAuth
FNDA:0,(anonymous_1)
DA:5,2
DA:6,2
DA:7,1
LF:3
LH:3
BRDA:6,0,0,1
BRDA:6,0,1,1
BRF:2
BRH:2
end_of_record
TN:
SF:src\components\RequireRole.tsx
FN:4,RequireRole
FN:5,(anonymous_1)
FNF:2
FNH:1
FNDA:3,RequireRole
FNDA:0,(anonymous_1)
DA:5,3
DA:6,3
DA:7,1
LF:3
LH:3
BRDA:6,0,0,2
BRDA:6,0,1,1
BRDA:6,1,0,3
BRDA:6,1,1,2
BRF:4
BRH:4
end_of_record
TN:
SF:src\components\Common\Button.tsx
FN:7,(anonymous_0)
FNF:1
FNH:1
FNDA:4,(anonymous_0)
DA:7,1
DA:13,4
DA:14,4
DA:19,4
LF:4
LH:4
BRDA:9,0,0,4
BRDA:10,1,0,4
BRF:2
BRH:2
end_of_record
TN:
SF:src\components\Common\ReportModal.tsx
FN:21,(anonymous_0)
FN:25,(anonymous_1)
FN:33,(anonymous_2)
FN:34,(anonymous_3)
FNF:4
FNH:4
FNDA:6,(anonymous_0)
FNDA:4,(anonymous_1)
FNDA:1,(anonymous_2)
FNDA:1,(anonymous_3)
DA:21,2
DA:22,6
DA:23,6
DA:25,6
DA:26,4
DA:28,3
DA:29,3
DA:31,3
DA:33,1
DA:35,1
DA:36,1
DA:40,6
DA:42,5
DA:44,6
LF:14
LH:14
BRDA:26,0,0,1
BRDA:26,0,1,3
BRDA:40,1,0,1
BRDA:40,1,1,5
BRDA:51,2,0,6
BRDA:51,2,1,1
BRDA:72,3,0,1
BRDA:72,3,1,4
BRDA:89,4,0,3
BRDA:89,4,1,1
BRDA:124,5,0,1
BRDA:124,5,1,0
BRDA:133,6,0,0
BRDA:133,6,1,1
BRDA:140,7,0,0
BRDA:140,7,1,1
BRDA:147,8,0,0
BRDA:147,8,1,1
BRDA:165,9,0,1
BRDA:165,9,1,0
BRDA:179,10,0,1
BRDA:179,10,1,0
BRF:22
BRH:16
end_of_record
TN:
SF:src\components\Common\ResizeHandle.tsx
FN:4,ResizeHandle
FN:20,(anonymous_1)
FN:21,(anonymous_2)
FNF:3
FNH:1
FNDA:24,ResizeHandle
FNDA:0,(anonymous_1)
FNDA:0,(anonymous_2)
DA:9,24
DA:20,0
DA:21,0
LF:3
LH:1
BRDA:5,0,0,24
BRDA:13,1,0,12
BRDA:13,1,1,12
BRDA:14,2,0,12
BRDA:14,2,1,12
BRDA:16,3,0,12
BRDA:16,3,1,12
BRF:7
BRH:7
end_of_record
TN:
SF:src\components\Common\Select.tsx
FN:18,Select
FN:29,(anonymous_1)
FN:30,(anonymous_2)
FN:36,(anonymous_3)
FN:39,(anonymous_4)
FN:46,(anonymous_5)
FN:46,(anonymous_6)
FN:65,(anonymous_7)
FN:71,(anonymous_8)
FNF:9
FNH:9
FNDA:36,Select
FNDA:15,(anonymous_1)
FNDA:1,(anonymous_2)
FNDA:15,(anonymous_3)
FNDA:61,(anonymous_4)
FNDA:3,(anonymous_5)
FNDA:3,(anonymous_6)
FNDA:5,(anonymous_7)
FNDA:2,(anonymous_8)
DA:25,36
DA:26,36
DA:29,36
DA:30,15
DA:31,1
DA:32,1
DA:35,15
DA:36,15
DA:39,61
DA:41,36
DA:46,3
DA:66,5
DA:67,5
DA:72,2
DA:73,2
LF:15
LH:15
BRDA:22,0,0,36
BRDA:23,1,0,36
BRDA:31,2,0,1
BRDA:31,2,1,0
BRDA:31,3,0,1
BRDA:31,3,1,1
BRDA:48,4,0,3
BRDA:48,4,1,33
BRDA:53,5,0,27
BRDA:53,5,1,9
BRDA:54,6,0,27
BRDA:54,6,1,9
BRDA:56,7,0,36
BRDA:56,7,1,20
BRDA:58,8,0,3
BRDA:58,8,1,33
BRDA:63,9,0,36
BRDA:63,9,1,3
BRDA:76,10,0,1
BRDA:76,10,1,4
BRDA:82,11,0,5
BRDA:82,11,1,0
BRDA:85,12,0,5
BRDA:85,12,1,1
BRF:24
BRH:22
end_of_record
TN:
SF:src\config\index.ts
FNF:0
FNH:0
DA:1,0
LF:1
LH:0
BRDA:1,0,0,0
BRDA:1,0,1,0
BRF:2
BRH:0
end_of_record
TN:
SF:src\contexts\ThemeContext.tsx
FN:17,(anonymous_0)
FN:22,ThemeProvider
FN:24,(anonymous_2)
FN:28,(anonymous_3)
FN:38,(anonymous_4)
FN:52,(anonymous_5)
FNF:6
FNH:0
FNDA:0,(anonymous_0)
FNDA:0,ThemeProvider
FNDA:0,(anonymous_2)
FNDA:0,(anonymous_3)
FNDA:0,(anonymous_4)
FNDA:0,(anonymous_5)
DA:15,0
DA:17,0
DA:20,0
DA:24,0
DA:25,0
DA:28,0
DA:29,0
DA:32,0
DA:33,0
DA:36,0
DA:39,0
DA:40,0
DA:44,0
DA:52,0
DA:53,0
DA:54,0
DA:55,0
LF:17
LH:0
BRDA:22,0,0,0
BRDA:25,1,0,0
BRDA:25,1,1,0
BRDA:54,2,0,0
BRDA:54,2,1,0
BRF:5
BRH:0
end_of_record
TN:
SF:src\features\auth\api.tsx
FN:4,(anonymous_0)
FN:10,(anonymous_1)
FNF:2
FNH:2
FNDA:3,(anonymous_0)
FNDA:1,(anonymous_1)
DA:4,2
DA:6,3
DA:7,2
DA:10,2
DA:11,1
DA:12,1
LF:6
LH:6
BRF:0
BRH:0
end_of_record
TN:
SF:src\features\auth\components\LoginForm.tsx
FN:5,(anonymous_0)
FN:14,(anonymous_1)
FN:57,(anonymous_2)
FN:70,(anonymous_3)
FNF:4
FNH:4
FNDA:24,(anonymous_0)
FNDA:5,(anonymous_1)
FNDA:4,(anonymous_2)
FNDA:4,(anonymous_3)
DA:5,2
DA:6,24
DA:7,24
DA:8,24
DA:9,24
DA:11,24
DA:12,24
DA:14,24
DA:15,5
DA:16,5
DA:18,5
DA:19,1
DA:20,1
DA:23,4
DA:25,4
DA:26,4
DA:27,2
DA:29,2
DA:30,1
DA:31,1
DA:32,1
DA:34,0
DA:37,4
DA:41,24
DA:57,4
DA:70,4
LF:26
LH:25
BRDA:18,0,0,1
BRDA:18,0,1,4
BRDA:18,1,0,5
BRDA:18,1,1,4
BRDA:29,2,0,1
BRDA:29,2,1,1
BRDA:31,3,0,1
BRDA:31,3,1,0
BRDA:74,4,0,24
BRDA:74,4,1,3
BRDA:84,5,0,5
BRDA:84,5,1,19
BRDA:89,6,0,5
BRDA:89,6,1,19
BRF:14
BRH:13
end_of_record
TN:
SF:src\features\auth\hooks\useAuth.ts
FN:20,(anonymous_0)
FN:47,(anonymous_1)
FN:63,(anonymous_2)
FNF:3
FNH:2
FNDA:2,(anonymous_0)
FNDA:3,(anonymous_1)
FNDA:0,(anonymous_2)
DA:20,2
DA:21,2
DA:22,2
DA:23,2
DA:25,2
DA:26,0
DA:27,0
DA:28,0
DA:29,0
DA:30,0
DA:31,0
DA:33,0
DA:34,0
DA:37,0
DA:38,0
DA:42,2
DA:48,3
DA:49,2
DA:51,2
DA:53,2
DA:54,2
DA:56,2
DA:64,0
DA:65,0
DA:66,0
LF:25
LH:12
BRDA:25,0,0,0
BRDA:25,0,1,2
BRDA:28,1,0,0
BRDA:28,1,1,0
BRDA:29,2,0,0
BRDA:29,2,1,0
BRDA:43,3,0,0
BRDA:43,3,1,2
BRDA:43,4,0,2
BRDA:43,4,1,0
BRF:10
BRH:3
end_of_record
TN:
SF:src\features\problems\api.ts
FN:4,(anonymous_0)
FN:9,(anonymous_1)
FN:15,(anonymous_2)
FN:21,(anonymous_3)
FN:26,(anonymous_4)
FN:31,(anonymous_5)
FNF:6
FNH:2
FNDA:3,(anonymous_0)
FNDA:2,(anonymous_1)
FNDA:0,(anonymous_2)
FNDA:0,(anonymous_3)
FNDA:0,(anonymous_4)
FNDA:0,(anonymous_5)
DA:4,2
DA:5,3
DA:6,2
DA:9,2
DA:10,2
DA:11,1
DA:15,2
DA:16,0
DA:17,0
DA:21,2
DA:22,0
DA:26,2
DA:27,0
DA:31,2
DA:32,0
DA:33,0
LF:16
LH:10
BRF:0
BRH:0
end_of_record
TN:
SF:src\features\problems\mockData.ts
FNF:0
FNH:0
DA:3,0
LF:1
LH:0
BRF:0
BRH:0
end_of_record
TN:
SF:src\features\problems\components\ProblemDescription.tsx
FN:14,(anonymous_0)
FN:22,ProblemDescription
FN:42,(anonymous_2)
FN:43,(anonymous_3)
FN:44,(anonymous_4)
FNF:5
FNH:2
FNDA:15,(anonymous_0)
FNDA:15,ProblemDescription
FNDA:0,(anonymous_2)
FNDA:0,(anonymous_3)
FNDA:0,(anonymous_4)
DA:14,2
DA:15,15
DA:16,13
DA:17,2
DA:18,2
DA:19,1
DA:23,15
DA:42,0
DA:43,0
DA:45,0
DA:46,0
LF:11
LH:7
BRDA:15,0,0,13
BRDA:15,0,1,2
BRDA:17,1,0,1
BRDA:17,1,1,1
BRDA:45,2,0,0
BRDA:45,2,1,0
BRDA:46,3,0,0
BRDA:46,3,1,0
BRF:8
BRH:4
end_of_record
TN:
SF:src\features\problems\components\ProblemRenderer.tsx
FN:7,(anonymous_0)
FN:8,(anonymous_1)
FN:10,(anonymous_2)
FN:17,(anonymous_3)
FNF:4
FNH:3
FNDA:1,(anonymous_0)
FNDA:1,(anonymous_1)
FNDA:0,(anonymous_2)
FNDA:1,(anonymous_3)
DA:7,1
DA:8,1
DA:10,1
DA:12,0
DA:15,1
DA:17,1
DA:18,1
DA:22,1
LF:8
LH:7
BRF:0
BRH:0
end_of_record
TN:
SF:src\features\submissions\api.tsx
FN:4,(anonymous_0)
FNF:1
FNH:1
FNDA:2,(anonymous_0)
DA:4,1
DA:5,2
DA:6,1
LF:3
LH:3
BRF:0
BRH:0
end_of_record
TN:
SF:src\features\submissions\store.tsx
FN:12,(anonymous_0)
FN:16,(anonymous_1)
FN:30,(anonymous_2)
FN:31,(anonymous_3)
FNF:4
FNH:4
FNDA:1,(anonymous_0)
FNDA:2,(anonymous_1)
FNDA:1,(anonymous_2)
FNDA:1,(anonymous_3)
DA:12,1
DA:17,2
DA:18,2
DA:19,2
DA:20,1
DA:22,1
DA:24,2
DA:31,1
DA:32,1
DA:33,1
DA:34,1
DA:35,1
DA:36,1
DA:37,1
DA:40,0
LF:15
LH:14
BRDA:20,0,0,1
BRDA:20,0,1,0
BRDA:35,1,0,1
BRDA:35,1,1,0
BRF:4
BRH:2
end_of_record
TN:
SF:src\features\submissions\components\SubmissionList.tsx
FN:10,(anonymous_0)
FN:14,(anonymous_1)
FN:51,(anonymous_2)
FN:77,(anonymous_3)
FN:82,(anonymous_4)
FN:191,(anonymous_5)
FNF:6
FNH:4
FNDA:13,(anonymous_0)
FNDA:6,(anonymous_1)
FNDA:44,(anonymous_2)
FNDA:6,(anonymous_3)
FNDA:0,(anonymous_4)
FNDA:0,(anonymous_5)
DA:10,1
DA:11,13
DA:12,13
DA:14,13
DA:15,6
DA:18,13
DA:19,1
DA:41,12
DA:42,1
DA:49,11
DA:52,44
DA:53,44
DA:54,44
DA:55,44
DA:57,44
DA:63,44
DA:69,44
DA:77,6
DA:83,0
DA:84,0
DA:191,0
LF:21
LH:18
BRDA:15,0,0,1
BRDA:15,0,1,5
BRDA:18,1,0,1
BRDA:18,1,1,12
BRDA:18,2,0,13
BRDA:18,2,1,1
BRDA:41,3,0,1
BRDA:41,3,1,11
BRDA:41,4,0,12
BRDA:41,4,1,12
BRDA:57,5,0,11
BRDA:57,5,1,33
BRDA:59,6,0,11
BRDA:59,6,1,22
BRDA:63,7,0,11
BRDA:63,7,1,33
BRDA:65,8,0,11
BRDA:65,8,1,22
BRDA:89,9,0,44
BRDA:89,9,1,11
BRDA:108,10,0,44
BRDA:108,10,1,33
BRDA:108,10,2,22
BRDA:112,11,0,11
BRDA:112,11,1,11
BRDA:123,12,0,5
BRDA:123,12,1,39
BRDA:139,13,0,44
BRDA:139,13,1,5
BRDA:141,14,0,5
BRDA:141,14,1,1
BRDA:141,14,2,1
BRDA:152,15,0,5
BRDA:152,15,1,2
BRDA:159,16,0,2
BRDA:159,16,1,0
BRDA:173,17,0,5
BRDA:173,17,1,2
BRDA:191,18,0,11
BRDA:191,18,1,0
BRF:40
BRH:38
end_of_record
TN:
SF:src\features\workspace\api.ts
FN:11,(anonymous_0)
FN:16,(anonymous_1)
FNF:2
FNH:2
FNDA:1,(anonymous_0)
FNDA:1,(anonymous_1)
DA:11,1
DA:12,1
DA:13,1
DA:16,1
DA:17,1
DA:18,1
LF:6
LH:6
BRF:0
BRH:0
end_of_record
TN:
SF:src\features\workspace\constants.ts
FNF:0
FNH:0
DA:4,1
DA:12,1
LF:2
LH:2
BRF:0
BRH:0
end_of_record
TN:
SF:src\features\workspace\store.ts
FN:14,(anonymous_0)
FN:18,(anonymous_1)
FN:19,(anonymous_2)
FN:20,(anonymous_3)
FNF:4
FNH:4
FNDA:3,(anonymous_0)
FNDA:11,(anonymous_1)
FNDA:10,(anonymous_2)
FNDA:15,(anonymous_3)
DA:14,3
DA:18,11
DA:19,10
DA:20,15
LF:4
LH:4
BRF:0
BRH:0
end_of_record
TN:
SF:src\features\workspace\components\CodeEditor.tsx
FN:11,CodeEditor
FNF:1
FNH:1
FNDA:11,CodeEditor
DA:12,11
LF:1
LH:1
BRF:0
BRH:0
end_of_record
TN:
SF:src\features\workspace\components\ConsolePanel.tsx
FN:23,ConsolePanel
FN:28,(anonymous_1)
FN:57,(anonymous_2)
FN:69,(anonymous_3)
FNF:4
FNH:2
FNDA:11,ConsolePanel
FNDA:8,(anonymous_1)
FNDA:0,(anonymous_2)
FNDA:0,(anonymous_3)
DA:13,1
DA:24,11
DA:25,11
DA:26,11
DA:28,11
DA:29,8
DA:32,11
DA:34,11
DA:57,0
DA:69,0
LF:10
LH:8
BRDA:29,0,0,0
BRDA:29,0,1,8
BRDA:32,1,0,0
BRDA:32,1,1,11
BRDA:32,2,0,0
BRDA:32,2,1,0
BRDA:59,3,0,11
BRDA:59,3,1,0
BRDA:62,4,0,11
BRDA:62,4,1,0
BRDA:71,5,0,0
BRDA:71,5,1,11
BRDA:74,6,0,0
BRDA:74,6,1,11
BRDA:79,7,0,11
BRDA:79,7,1,0
BRDA:97,8,0,11
BRDA:97,8,1,11
BRDA:99,9,0,11
BRDA:99,9,1,0
BRDA:142,10,0,11
BRDA:142,10,1,11
BRDA:147,11,0,1
BRDA:147,11,1,10
BRDA:148,12,0,1
BRDA:148,12,1,10
BRDA:152,13,0,1
BRDA:152,13,1,10
BRDA:157,14,0,1
BRDA:157,14,1,10
BRDA:163,15,0,11
BRDA:163,15,1,0
BRDA:163,15,2,0
BRDA:167,16,0,11
BRDA:167,16,1,0
BRDA:167,16,2,0
BRDA:173,17,0,0
BRDA:173,17,1,0
BRDA:180,18,0,0
BRDA:180,18,1,0
BRDA:196,19,0,0
BRDA:196,19,1,0
BRDA:201,20,0,0
BRDA:201,20,1,0
BRDA:222,21,0,0
BRDA:222,21,1,0
BRF:46
BRH:22
end_of_record
TN:
SF:src\features\workspace\components\EditorToolbar.tsx
FN:10,EditorToolbar
FN:39,(anonymous_1)
FN:68,(anonymous_2)
FN:69,(anonymous_3)
FNF:4
FNH:2
FNDA:11,EditorToolbar
FNDA:1,(anonymous_1)
FNDA:0,(anonymous_2)
FNDA:0,(anonymous_3)
DA:17,11
DA:19,11
DA:39,1
DA:68,0
DA:69,0
LF:5
LH:3
BRDA:71,0,0,11
BRDA:71,0,1,0
BRF:2
BRH:1
end_of_record
TN:
SF:src\features\workspace\hooks\useRunCode.ts
FN:10,(anonymous_0)
FN:17,(anonymous_1)
FN:24,(anonymous_2)
FN:49,(anonymous_3)
FNF:4
FNH:4
FNDA:9,(anonymous_0)
FNDA:1,(anonymous_1)
FNDA:2,(anonymous_2)
FNDA:2,(anonymous_3)
DA:7,1
DA:8,1
DA:10,1
DA:11,9
DA:12,9
DA:13,9
DA:14,9
DA:15,9
DA:17,9
DA:18,1
DA:19,1
DA:20,1
DA:24,9
DA:25,2
DA:26,2
DA:27,2
DA:30,2
DA:31,2
DA:33,1
DA:43,1
DA:44,1
DA:47,1
DA:49,1
DA:50,2
DA:51,2
DA:52,2
DA:54,2
DA:55,1
DA:56,1
DA:57,1
DA:58,1
DA:64,1
DA:65,0
DA:66,0
DA:67,0
DA:68,0
DA:73,9
LF:37
LH:33
BRDA:18,0,0,1
BRDA:18,0,1,0
BRDA:39,1,0,1
BRDA:39,1,1,1
BRDA:39,1,2,0
BRDA:54,2,0,1
BRDA:54,2,1,1
BRDA:64,3,0,0
BRDA:64,3,1,1
BRF:9
BRH:6
end_of_record
TN:
SF:src\features\workspace\hooks\useRunSample.ts
FN:5,(anonymous_0)
FN:9,(anonymous_1)
FNF:2
FNH:0
FNDA:0,(anonymous_0)
FNDA:0,(anonymous_1)
DA:5,0
DA:6,0
DA:7,0
DA:9,0
DA:10,0
DA:11,0
DA:12,0
DA:13,0
DA:14,0
DA:15,0
DA:28,0
DA:39,0
DA:43,0
LF:13
LH:0
BRDA:24,0,0,0
BRDA:24,0,1,0
BRDA:34,1,0,0
BRDA:34,1,1,0
BRDA:34,1,2,0
BRF:5
BRH:0
end_of_record
TN:
SF:src\features\workspace\hooks\useWorkspaceSync.ts
FN:11,(anonymous_0)
FN:19,(anonymous_1)
FN:20,(anonymous_2)
FN:69,(anonymous_3)
FN:79,(anonymous_4)
FNF:5
FNH:5
FNDA:10,(anonymous_0)
FNDA:4,(anonymous_1)
FNDA:4,(anonymous_2)
FNDA:1,(anonymous_3)
FNDA:10,(anonymous_4)
DA:11,1
DA:12,10
DA:13,10
DA:14,10
DA:16,10
DA:19,10
DA:20,4
DA:21,4
DA:22,4
DA:24,4
DA:25,4
DA:26,4
DA:28,4
DA:30,1
DA:31,1
DA:32,1
DA:36,3
DA:40,3
DA:42,3
DA:44,1
DA:45,1
DA:48,1
DA:49,1
DA:52,0
DA:53,0
DA:57,2
DA:58,2
DA:59,2
DA:61,4
DA:65,4
DA:69,10
DA:70,1
DA:71,1
DA:74,1
DA:75,1
DA:79,10
DA:80,10
DA:81,6
DA:85,10
LF:39
LH:37
BRDA:25,0,0,4
BRDA:25,0,1,3
BRDA:28,1,0,1
BRDA:28,1,1,3
BRDA:42,2,0,1
BRDA:42,2,1,0
BRDA:42,3,0,3
BRDA:42,3,1,1
BRDA:57,4,0,2
BRDA:57,4,1,2
BRDA:75,5,0,1
BRDA:75,5,1,1
BRDA:80,6,0,6
BRDA:80,6,1,4
BRDA:80,7,0,10
BRDA:80,7,1,6
BRF:16
BRH:15
end_of_record
TN:
SF:src\hooks\useAntiCheat.ts
FN:3,(anonymous_0)
FN:7,(anonymous_1)
FN:8,(anonymous_2)
FN:16,(anonymous_3)
FN:21,(anonymous_4)
FN:25,(anonymous_5)
FN:30,(anonymous_6)
FN:38,(anonymous_7)
FN:53,(anonymous_8)
FN:55,(anonymous_9)
FN:61,(anonymous_10)
FNF:11
FNH:11
FNDA:5,(anonymous_0)
FNDA:5,(anonymous_1)
FNDA:6,(anonymous_2)
FNDA:1,(anonymous_3)
FNDA:3,(anonymous_4)
FNDA:2,(anonymous_5)
FNDA:1,(anonymous_6)
FNDA:3,(anonymous_7)
FNDA:20,(anonymous_8)
FNDA:5,(anonymous_9)
FNDA:20,(anonymous_10)
DA:3,1
DA:5,5
DA:7,5
DA:8,5
DA:9,6
DA:10,5
DA:12,5
DA:13,5
DA:16,5
DA:17,1
DA:21,5
DA:22,3
DA:25,5
DA:26,2
DA:30,5
DA:32,1
DA:33,1
DA:34,1
DA:38,5
DA:40,5
DA:47,5
DA:48,5
DA:49,5
DA:50,5
DA:51,5
DA:53,20
DA:55,5
DA:56,5
DA:57,5
DA:58,5
DA:59,5
DA:60,5
DA:61,20
LF:33
LH:33
BRDA:9,0,0,1
BRDA:9,0,1,5
BRDA:22,1,0,3
BRDA:22,1,1,0
BRDA:26,2,0,2
BRDA:26,2,1,0
BRDA:33,3,0,1
BRDA:33,3,1,0
BRDA:33,4,0,1
BRDA:33,4,1,1
BRF:10
BRH:7
end_of_record
TN:
SF:src\hooks\useDebounce.ts
FN:3,useDebounce
FN:6,(anonymous_1)
FN:7,(anonymous_2)
FN:11,(anonymous_3)
FNF:4
FNH:4
FNDA:50,useDebounce
FNDA:21,(anonymous_1)
FNDA:2,(anonymous_2)
FNDA:21,(anonymous_3)
DA:4,50
DA:6,50
DA:7,21
DA:8,2
DA:11,21
DA:12,21
DA:16,50
LF:7
LH:7
BRF:0
BRH:0
end_of_record
TN:
SF:src\layouts\ExamLayout.tsx
FN:9,CandidateExamLayout
FN:11,(anonymous_1)
FN:12,(anonymous_2)
FN:20,(anonymous_3)
FN:39,(anonymous_4)
FN:42,(anonymous_5)
FN:57,(anonymous_6)
FN:75,(anonymous_7)
FN:90,(anonymous_8)
FN:141,ExamLayout
FN:142,(anonymous_10)
FNF:11
FNH:9
FNDA:8,CandidateExamLayout
FNDA:8,(anonymous_1)
FNDA:8,(anonymous_2)
FNDA:2,(anonymous_3)
FNDA:1,(anonymous_4)
FNDA:0,(anonymous_5)
FNDA:1,(anonymous_6)
FNDA:0,(anonymous_7)
FNDA:1,(anonymous_8)
FNDA:6,ExamLayout
FNDA:6,(anonymous_10)
DA:10,8
DA:11,8
DA:12,8
DA:14,8
DA:15,8
DA:17,8
DA:20,8
DA:21,2
DA:23,2
DA:24,2
DA:25,2
DA:33,2
DA:34,2
DA:35,2
DA:37,2
DA:38,1
DA:39,1
DA:40,1
DA:41,1
DA:42,0
DA:44,1
DA:45,1
DA:50,0
DA:54,8
DA:57,8
DA:58,1
DA:59,1
DA:61,1
DA:63,1
DA:64,1
DA:72,1
DA:73,1
DA:74,1
DA:75,0
DA:77,1
DA:78,1
DA:80,0
DA:81,0
DA:84,0
DA:85,0
DA:86,0
DA:90,8
DA:91,1
DA:92,1
DA:93,1
DA:94,1
DA:95,1
DA:98,0
DA:102,8
DA:142,6
DA:145,6
DA:146,1
DA:151,5
LF:53
LH:44
BRDA:21,0,0,0
BRDA:21,0,1,2
BRDA:33,1,0,2
BRDA:33,1,1,0
BRDA:37,2,0,1
BRDA:37,2,1,1
BRDA:41,3,0,0
BRDA:41,3,1,1
BRDA:59,4,0,0
BRDA:59,4,1,1
BRDA:72,5,0,1
BRDA:72,5,1,0
BRDA:74,6,0,0
BRDA:74,6,1,1
BRDA:93,7,0,1
BRDA:93,7,1,0
BRDA:104,8,0,8
BRDA:104,8,1,2
BRDA:109,9,0,2
BRDA:109,9,1,2
BRDA:145,10,0,1
BRDA:145,10,1,5
BRF:22
BRH:15
end_of_record
TN:
SF:src\layouts\MainLayout.tsx
FN:5,(anonymous_0)
FN:12,(anonymous_1)
FN:17,(anonymous_2)
FN:33,(anonymous_3)
FN:39,(anonymous_4)
FN:42,(anonymous_5)
FN:92,(anonymous_6)
FNF:7
FNH:7
FNDA:7,(anonymous_0)
FNDA:5,(anonymous_1)
FNDA:3,(anonymous_2)
FNDA:6,(anonymous_3)
FNDA:1,(anonymous_4)
FNDA:3,(anonymous_5)
FNDA:13,(anonymous_6)
DA:5,1
DA:6,7
DA:7,7
DA:8,7
DA:10,7
DA:12,7
DA:13,5
DA:15,1
DA:17,1
DA:18,3
DA:19,3
DA:21,3
DA:22,1
DA:23,1
DA:24,1
DA:25,1
DA:26,1
DA:29,2
DA:30,2
DA:31,2
DA:33,6
DA:34,2
DA:37,1
DA:38,1
DA:39,1
DA:42,7
DA:43,3
DA:44,1
DA:45,1
DA:46,1
DA:49,2
DA:50,1
DA:51,1
DA:56,7
DA:67,7
DA:94,13
DA:95,13
LF:37
LH:37
BRDA:13,0,0,4
BRDA:13,0,1,1
BRDA:13,1,0,5
BRDA:13,1,1,4
BRDA:13,1,2,1
BRDA:21,2,0,1
BRDA:21,2,1,2
BRDA:43,3,0,1
BRDA:43,3,1,2
BRDA:49,4,0,1
BRDA:49,4,1,1
BRDA:56,5,0,1
BRDA:56,5,1,6
BRDA:71,6,0,6
BRDA:71,6,1,1
BRDA:91,7,0,7
BRDA:91,7,1,6
BRDA:94,8,0,13
BRDA:94,8,1,7
BRDA:100,9,0,6
BRDA:100,9,1,7
BRDA:113,10,0,7
BRDA:113,10,1,6
BRDA:113,10,2,5
BRDA:113,10,3,2
BRDA:133,11,0,7
BRDA:133,11,1,1
BRDA:137,12,0,0
BRDA:137,12,1,1
BRDA:147,13,0,7
BRDA:147,13,1,6
BRF:31
BRH:30
end_of_record
TN:
SF:src\pages\CandidateList.tsx
FN:26,(anonymous_0)
FN:32,(anonymous_1)
FN:43,(anonymous_2)
FN:44,(anonymous_3)
FN:51,(anonymous_4)
FN:54,(anonymous_5)
FN:90,(anonymous_6)
FN:97,(anonymous_7)
FN:180,(anonymous_8)
FN:233,(anonymous_9)
FN:256,(anonymous_10)
FNF:11
FNH:11
FNDA:17,(anonymous_0)
FNDA:6,(anonymous_1)
FNDA:5,(anonymous_2)
FNDA:5,(anonymous_3)
FNDA:5,(anonymous_4)
FNDA:3,(anonymous_5)
FNDA:18,(anonymous_6)
FNDA:3,(anonymous_7)
FNDA:4,(anonymous_8)
FNDA:1,(anonymous_9)
FNDA:1,(anonymous_10)
DA:26,1
DA:27,17
DA:28,17
DA:29,17
DA:30,17
DA:32,17
DA:33,6
DA:34,6
DA:35,5
DA:36,4
DA:39,1
DA:43,17
DA:44,5
DA:45,5
DA:46,5
DA:48,5
DA:50,5
DA:51,5
DA:54,17
DA:55,3
DA:58,17
DA:91,18
DA:97,3
DA:181,4
DA:234,1
DA:235,1
DA:256,1
LF:27
LH:27
BRDA:35,0,0,4
BRDA:35,0,1,1
BRDA:35,1,0,5
BRDA:35,1,1,5
BRDA:55,2,0,1
BRDA:55,2,1,2
BRDA:69,3,0,6
BRDA:69,3,1,11
BRDA:139,4,0,9
BRDA:139,4,1,9
BRDA:158,5,0,4
BRDA:158,5,1,14
BRDA:174,6,0,18
BRDA:174,6,1,4
BRDA:191,7,0,4
BRDA:191,7,1,0
BRDA:202,8,0,4
BRDA:202,8,1,0
BRDA:218,9,0,4
BRDA:218,9,1,0
BRDA:253,10,0,17
BRDA:253,10,1,1
BRF:22
BRH:19
end_of_record
TN:
SF:src\pages\DisclaimerPage\index.tsx
FN:5,DisclaimerPage
FN:7,(anonymous_1)
FN:12,(anonymous_2)
FN:83,(anonymous_3)
FNF:4
FNH:4
FNDA:12,DisclaimerPage
FNDA:12,(anonymous_1)
FNDA:4,(anonymous_2)
FNDA:36,(anonymous_3)
DA:6,12
DA:7,12
DA:9,12
DA:10,12
DA:12,12
DA:13,4
DA:14,4
DA:16,4
DA:17,4
DA:18,4
DA:19,3
DA:21,1
DA:24,3
DA:32,2
DA:33,1
DA:36,1
DA:38,3
DA:40,4
DA:44,12
DA:84,36
LF:20
LH:20
BRDA:18,0,0,3
BRDA:18,0,1,1
BRDA:32,1,0,1
BRDA:32,1,1,1
BRDA:38,2,0,3
BRDA:38,2,1,0
BRDA:104,3,0,12
BRDA:104,3,1,3
BRDA:114,4,0,3
BRDA:114,4,1,9
BRDA:119,5,0,3
BRDA:119,5,1,9
BRF:12
BRH:11
end_of_record
TN:
SF:src\pages\Home\index.tsx
FN:4,Home
FN:6,(anonymous_1)
FN:7,(anonymous_2)
FNF:3
FNH:0
FNDA:0,Home
FNDA:0,(anonymous_1)
FNDA:0,(anonymous_2)
DA:6,0
DA:7,0
DA:10,0
DA:11,0
DA:15,0
DA:16,0
DA:19,0
LF:7
LH:0
BRDA:10,0,0,0
BRDA:10,0,1,0
BRDA:10,1,0,0
BRDA:10,1,1,0
BRDA:15,2,0,0
BRDA:15,2,1,0
BRF:6
BRH:0
end_of_record
TN:
SF:src\pages\Login\index.tsx
FN:3,Login
FNF:1
FNH:0
FNDA:0,Login
DA:4,0
LF:1
LH:0
BRF:0
BRH:0
end_of_record
TN:
SF:src\pages\ProblemList\index.tsx
FN:9,ProblemList
FN:19,(anonymous_1)
FN:20,(anonymous_2)
FN:26,(anonymous_3)
FN:27,(anonymous_4)
FN:38,(anonymous_5)
FN:38,(anonymous_6)
FN:121,(anonymous_7)
FN:128,(anonymous_8)
FNF:9
FNH:4
FNDA:2,ProblemList
FNDA:1,(anonymous_1)
FNDA:1,(anonymous_2)
FNDA:0,(anonymous_3)
FNDA:0,(anonymous_4)
FNDA:0,(anonymous_5)
FNDA:0,(anonymous_6)
FNDA:2,(anonymous_7)
FNDA:0,(anonymous_8)
DA:10,2
DA:11,2
DA:12,2
DA:14,2
DA:15,2
DA:16,2
DA:17,2
DA:19,2
DA:20,1
DA:21,1
DA:22,1
DA:23,1
DA:26,0
DA:27,0
DA:30,1
DA:35,1
DA:37,1
DA:38,0
DA:40,1
DA:42,0
DA:44,1
DA:48,1
DA:51,2
DA:52,1
DA:74,1
DA:75,0
DA:80,1
DA:81,0
DA:101,1
DA:107,1
DA:122,2
DA:123,2
DA:125,2
DA:128,0
LF:34
LH:27
BRDA:22,0,0,0
BRDA:22,0,1,1
BRDA:23,1,0,0
BRDA:23,1,1,1
BRDA:51,2,0,1
BRDA:51,2,1,1
BRDA:74,3,0,0
BRDA:74,3,1,1
BRDA:80,4,0,0
BRDA:80,4,1,1
BRDA:96,5,0,0
BRDA:96,5,1,0
BRDA:111,6,0,0
BRDA:111,6,1,1
BRDA:113,7,0,2
BRDA:113,7,1,0
BRDA:135,8,0,0
BRDA:135,8,1,2
BRDA:151,9,0,2
BRDA:151,9,1,0
BRDA:164,10,0,2
BRDA:164,10,1,2
BRDA:164,10,2,2
BRDA:166,11,0,2
BRDA:166,11,1,0
BRF:25
BRH:14
end_of_record
TN:
SF:src\pages\Submissions\index.tsx
FN:6,SubmissionsPage
FN:19,(anonymous_1)
FN:27,(anonymous_2)
FN:34,(anonymous_3)
FN:115,(anonymous_4)
FN:174,(anonymous_5)
FN:192,(anonymous_6)
FNF:7
FNH:7
FNDA:9,SubmissionsPage
FNDA:7,(anonymous_1)
FNDA:7,(anonymous_2)
FNDA:7,(anonymous_3)
FNDA:7,(anonymous_4)
FNDA:1,(anonymous_5)
FNDA:1,(anonymous_6)
DA:7,9
DA:8,9
DA:13,9
DA:16,9
DA:17,9
DA:19,9
DA:20,7
DA:22,7
DA:23,1
DA:27,9
DA:29,9
DA:34,9
DA:35,7
DA:37,9
DA:116,7
DA:118,7
DA:175,1
DA:176,1
DA:192,1
LF:19
LH:19
BRDA:17,0,0,9
BRDA:17,0,1,8
BRDA:22,1,0,1
BRDA:22,1,1,6
BRDA:22,2,0,7
BRDA:22,2,1,1
BRDA:27,3,0,7
BRDA:27,3,1,5
BRDA:35,4,0,7
BRDA:35,4,1,1
BRDA:45,5,0,6
BRDA:45,5,1,3
BRDA:54,6,0,1
BRDA:54,6,1,8
BRDA:73,7,0,3
BRDA:73,7,1,5
BRDA:122,8,0,1
BRDA:122,8,1,6
BRDA:131,9,0,7
BRDA:131,9,1,0
BRDA:157,10,0,7
BRDA:157,10,1,5
BRDA:165,11,0,1
BRDA:165,11,1,6
BRDA:165,12,0,7
BRDA:165,12,1,2
BRDA:192,13,0,9
BRDA:192,13,1,1
BRF:28
BRH:27
end_of_record
TN:
SF:src\pages\Workspace\index.tsx
FN:22,Workspace
FN:40,(anonymous_1)
FN:43,(anonymous_2)
FN:102,(anonymous_3)
FN:139,(anonymous_4)
FN:147,(anonymous_5)
FN:148,(anonymous_6)
FN:227,(anonymous_7)
FNF:8
FNH:5
FNDA:47,Workspace
FNDA:9,(anonymous_1)
FNDA:9,(anonymous_2)
FNDA:26,(anonymous_3)
FNDA:1,(anonymous_4)
FNDA:0,(anonymous_5)
FNDA:0,(anonymous_6)
FNDA:0,(anonymous_7)
DA:24,47
DA:26,47
DA:27,47
DA:30,47
DA:31,47
DA:32,47
DA:33,47
DA:35,47
DA:36,47
DA:37,47
DA:40,47
DA:41,9
DA:43,9
DA:44,9
DA:45,9
DA:46,9
DA:48,9
DA:50,9
DA:51,8
DA:55,8
DA:56,8
DA:58,9
DA:60,9
DA:62,1
DA:63,1
DA:66,7
DA:67,7
DA:70,2
DA:72,2
DA:74,1
DA:75,1
DA:76,1
DA:77,1
DA:80,0
DA:81,0
DA:85,6
DA:86,6
DA:90,1
DA:92,9
DA:93,9
DA:97,9
DA:102,47
DA:105,26
DA:106,2
DA:111,47
DA:112,35
DA:134,12
DA:135,1
DA:139,11
DA:140,1
DA:141,1
DA:143,1
DA:144,1
DA:147,11
DA:148,0
DA:151,11
DA:152,11
DA:227,0
LF:58
LH:54
BRDA:35,0,0,47
BRDA:35,0,1,0
BRDA:36,1,0,47
BRDA:36,1,1,0
BRDA:41,2,0,0
BRDA:41,2,1,9
BRDA:56,3,0,8
BRDA:56,3,1,7
BRDA:60,4,0,1
BRDA:60,4,1,7
BRDA:72,5,0,1
BRDA:72,5,1,0
BRDA:72,6,0,2
BRDA:72,6,1,1
BRDA:81,7,0,0
BRDA:81,7,1,0
BRDA:86,8,0,6
BRDA:86,8,1,0
BRDA:105,9,0,2
BRDA:105,9,1,24
BRDA:105,10,0,26
BRDA:105,10,1,12
BRDA:105,10,2,12
BRDA:105,10,3,12
BRDA:111,11,0,35
BRDA:111,11,1,12
BRDA:111,12,0,47
BRDA:111,12,1,12
BRDA:134,13,0,1
BRDA:134,13,1,11
BRDA:134,14,0,12
BRDA:134,14,1,11
BRDA:144,15,0,1
BRDA:144,15,1,0
BRDA:144,15,2,0
BRDA:148,16,0,0
BRDA:148,16,1,0
BRDA:171,17,0,11
BRDA:171,17,1,10
BRDA:173,18,0,1
BRDA:173,18,1,10
BRDA:173,19,0,47
BRDA:173,19,1,10
BRDA:178,20,0,1
BRDA:178,20,1,10
BRDA:184,21,0,1
BRDA:184,21,1,10
BRDA:189,22,0,1
BRDA:189,22,1,10
BRDA:227,23,0,0
BRDA:227,23,1,0
BRF:51
BRH:38
end_of_record
TN:
SF:src\pages\interviewer\index.tsx
FN:36,(anonymous_0)
FN:57,(anonymous_1)
FN:72,(anonymous_2)
FN:82,(anonymous_3)
FN:90,(anonymous_4)
FN:107,(anonymous_5)
FN:124,(anonymous_6)
FN:131,(anonymous_7)
FN:138,(anonymous_8)
FN:145,(anonymous_9)
FN:151,(anonymous_10)
FN:169,(anonymous_11)
FN:170,(anonymous_12)
FN:185,(anonymous_13)
FN:236,(anonymous_14)
FN:281,(anonymous_15)
FN:313,(anonymous_16)
FN:325,(anonymous_17)
FN:351,(anonymous_18)
FN:410,(anonymous_19)
FN:462,(anonymous_20)
FN:481,(anonymous_21)
FN:489,(anonymous_22)
FN:495,(anonymous_23)
FN:510,(anonymous_24)
FN:528,(anonymous_25)
FN:556,(anonymous_26)
FN:585,(anonymous_27)
FN:590,(anonymous_28)
FN:626,(anonymous_29)
FNF:30
FNH:28
FNDA:33,(anonymous_0)
FNDA:2,(anonymous_1)
FNDA:4,(anonymous_2)
FNDA:2,(anonymous_3)
FNDA:2,(anonymous_4)
FNDA:1,(anonymous_5)
FNDA:2,(anonymous_6)
FNDA:1,(anonymous_7)
FNDA:1,(anonymous_8)
FNDA:1,(anonymous_9)
FNDA:2,(anonymous_10)
FNDA:1,(anonymous_11)
FNDA:2,(anonymous_12)
FNDA:0,(anonymous_13)
FNDA:1,(anonymous_14)
FNDA:99,(anonymous_15)
FNDA:6,(anonymous_16)
FNDA:3,(anonymous_17)
FNDA:2,(anonymous_18)
FNDA:1,(anonymous_19)
FNDA:1,(anonymous_20)
FNDA:21,(anonymous_21)
FNDA:1,(anonymous_22)
FNDA:1,(anonymous_23)
FNDA:4,(anonymous_24)
FNDA:1,(anonymous_25)
FNDA:0,(anonymous_26)
FNDA:1,(anonymous_27)
FNDA:1,(anonymous_28)
FNDA:1,(anonymous_29)
DA:30,1
DA:36,1
DA:37,33
DA:38,33
DA:39,33
DA:40,33
DA:41,33
DA:43,33
DA:44,33
DA:45,33
DA:46,33
DA:49,33
DA:51,33
DA:52,33
DA:53,33
DA:54,33
DA:55,33
DA:57,33
DA:58,2
DA:59,2
DA:60,2
DA:61,2
DA:62,2
DA:63,1
DA:64,1
DA:66,1
DA:68,2
DA:72,33
DA:73,4
DA:74,4
DA:75,3
DA:76,4
DA:78,1
DA:82,33
DA:83,2
DA:84,2
DA:85,2
DA:86,2
DA:90,2
DA:94,2
DA:95,2
DA:96,2
DA:97,0
DA:98,0
DA:101,0
DA:103,2
DA:107,33
DA:108,1
DA:109,1
DA:110,0
DA:111,0
DA:113,1
DA:114,1
DA:115,1
DA:116,1
DA:118,0
DA:120,1
DA:124,33
DA:125,2
DA:126,2
DA:127,2
DA:128,2
DA:129,2
DA:130,1
DA:131,1
DA:132,1
DA:133,1
DA:134,1
DA:137,1
DA:138,1
DA:141,0
DA:145,33
DA:146,1
DA:147,1
DA:151,2
DA:157,1
DA:158,1
DA:159,1
DA:160,1
DA:161,1
DA:162,1
DA:163,1
DA:165,0
DA:169,33
DA:170,33
DA:171,2
DA:172,2
DA:173,2
DA:176,33
DA:185,0
DA:219,33
DA:236,1
DA:282,99
DA:313,6
DA:326,3
DA:327,3
DA:328,3
DA:351,2
DA:410,1
DA:462,1
DA:482,21
DA:489,1
DA:495,1
DA:511,4
DA:528,1
DA:556,0
DA:586,1
DA:587,1
DA:589,1
DA:590,1
DA:591,1
DA:614,0
DA:626,1
LF:113
LH:102
BRDA:75,0,0,3
BRDA:75,0,1,0
BRDA:95,1,0,2
BRDA:95,1,1,0
BRDA:96,2,0,0
BRDA:96,2,1,2
BRDA:108,3,0,1
BRDA:108,3,1,0
BRDA:109,4,0,0
BRDA:109,4,1,1
BRDA:125,5,0,0
BRDA:125,5,1,2
BRDA:129,6,0,1
BRDA:129,6,1,1
BRDA:260,7,0,2
BRDA:260,7,1,31
BRDA:265,8,0,2
BRDA:265,8,1,31
BRDA:267,9,0,33
BRDA:267,9,1,1
BRDA:286,10,0,33
BRDA:286,10,1,66
BRDA:301,11,0,33
BRDA:301,11,1,8
BRDA:310,12,0,8
BRDA:310,12,1,4
BRDA:317,13,0,4
BRDA:317,13,1,4
BRDA:318,14,0,1
BRDA:318,14,1,3
BRDA:332,15,0,2
BRDA:332,15,1,1
BRDA:339,16,0,2
BRDA:339,16,1,1
BRDA:344,17,0,3
BRDA:344,17,1,0
BRDA:353,18,0,2
BRDA:353,18,1,1
BRDA:358,19,0,2
BRDA:358,19,1,1
BRDA:387,20,0,33
BRDA:387,20,1,20
BRDA:506,21,0,33
BRDA:506,21,1,5
BRDA:521,22,0,4
BRDA:521,22,1,0
BRDA:543,23,0,33
BRDA:543,23,1,1
BRDA:550,24,0,1
BRDA:550,24,1,0
BRDA:587,25,0,1
BRDA:587,25,1,1
BRDA:587,25,2,0
BRDA:589,26,0,1
BRDA:589,26,1,0
BRDA:600,27,0,1
BRDA:600,27,1,0
BRDA:608,28,0,1
BRDA:608,28,1,0
BRDA:608,28,2,0
BRF:60
BRH:46
end_of_record
TN:
SF:src\services\api.ts
FN:52,(anonymous_0)
FN:63,(anonymous_1)
FN:76,(anonymous_2)
FN:88,(anonymous_3)
FN:96,(anonymous_4)
FN:104,(anonymous_5)
FN:112,(anonymous_6)
FN:120,(anonymous_7)
FN:128,(anonymous_8)
FNF:9
FNH:4
FNDA:2,(anonymous_0)
FNDA:0,(anonymous_1)
FNDA:1,(anonymous_2)
FNDA:0,(anonymous_3)
FNDA:1,(anonymous_4)
FNDA:0,(anonymous_5)
FNDA:1,(anonymous_6)
FNDA:0,(anonymous_7)
FNDA:0,(anonymous_8)
DA:40,3
DA:52,3
DA:55,2
DA:58,2
DA:59,1
DA:62,2
DA:65,0
DA:76,3
DA:80,1
DA:81,1
DA:88,3
DA:89,0
DA:90,0
DA:96,3
DA:97,1
DA:98,1
DA:104,3
DA:105,0
DA:106,0
DA:112,3
DA:113,1
DA:114,1
DA:120,3
DA:121,0
DA:122,0
DA:128,3
DA:129,0
DA:130,0
LF:28
LH:19
BRDA:58,0,0,1
BRDA:58,0,1,1
BRF:2
BRH:2
end_of_record
TN:
SF:src\store\globalStore.ts
FN:10,(anonymous_0)
FN:13,(anonymous_1)
FN:14,(anonymous_2)
FNF:3
FNH:0
FNDA:0,(anonymous_0)
FNDA:0,(anonymous_1)
FNDA:0,(anonymous_2)
DA:10,0
DA:13,0
DA:14,0
LF:3
LH:0
BRF:0
BRH:0
end_of_record
TN:
SF:src\utils\format.ts
FN:1,(anonymous_0)
FNF:1
FNH:1
FNDA:2,(anonymous_0)
DA:1,1
DA:2,2
DA:3,2
LF:3
LH:3
BRF:0
BRH:0
end_of_record
